<?xml version="1.0" encoding="UTF-8"?>
<!-- Generated by org.testng.reporters.JUnitXMLReporter -->
<testsuite hostname="Ugainjain" ignored="0" name="Default test" tests="11" failures="0" timestamp="01 Nov 2019 12:46:09 GMT" time="14.868" errors="0">
  <testcase name="test1" time="2.49" classname="Api.Demo"/>
  <testcase name="test2" time="1.926" classname="Api.Demo"/>
  <testcase name="test3" time="1.217" classname="Api.Demo"/>
  <testcase name="test4" time="1.174" classname="Api.Demo"/>
  <testcase name="test5" time="1.221" classname="Api.Demo"/>
  <testcase name="test6" time="1.103" classname="Api.Demo"/>
  <testcase name="test7" time="1.087" classname="Api.Demo"/>
  <testcase name="test9" time="1.133" classname="Api.Demo"/>
  <testcase name="test10" time="1.122" classname="Api.Demo"/>
  <testcase name="test11" time="1.103" classname="Api.Demo"/>
  <testcase name="test12" time="1.071" classname="Api.Demo"/>
</testsuite> <!-- Default test -->
