<?xml version="1.0" encoding="UTF-8"?>
<testng-results skipped="0" failed="0" ignored="0" total="1" passed="1">
  <reporter-output>
  </reporter-output>
  <suite name="Default suite" duration-ms="10619" started-at="2019-10-31T12:42:38Z" finished-at="2019-10-31T12:42:49Z">
    <groups>
    </groups>
    <test name="Default test" duration-ms="10619" started-at="2019-10-31T12:42:38Z" finished-at="2019-10-31T12:42:49Z">
      <class name="Api.Demo">
        <test-method status="PASS" signature="before()[pri:0, instance:Api.Demo@91161c7]" name="before" is-config="true" duration-ms="9" started-at="2019-10-31T18:12:38Z" finished-at="2019-10-31T18:12:38Z">
          <reporter-output>
          </reporter-output>
        </test-method> <!-- before -->
        <test-method status="PASS" signature="test()[pri:0, instance:Api.Demo@91161c7]" name="test" duration-ms="10595" started-at="2019-10-31T18:12:38Z" finished-at="2019-10-31T18:12:49Z">
          <reporter-output>
          </reporter-output>
        </test-method> <!-- test -->
      </class> <!-- Api.Demo -->
    </test> <!-- Default test -->
  </suite> <!-- Default suite -->
</testng-results>
